Build started 7/28/2014 5:24:59 PM.
     1>Project "C:\CodingStuff\C++\CST420\CST420_Assignment03\CST420_Assignment03\CST420_Assignment03.vcxproj" on node 2 (Build target(s)).
     1>ClCompile:
         C:\Program Files (x86)\Microsoft Visual Studio 12.0\VC\bin\CL.exe /c /ZI /nologo /W3 /WX- /sdl /Od /Oy- /D WIN32 /D _DEBUG /D _CONSOLE /D _LIB /D _UNICODE /D UNICODE /Gm /EHsc /RTC1 /MDd /GS /fp:precise /Zc:wchar_t /Zc:forScope /Fo"Debug\\" /Fd"Debug\vc120.pdb" /Gd /TP /analyze- /errorReport:prompt main.cpp
         main.cpp
       Link:
         C:\Program Files (x86)\Microsoft Visual Studio 12.0\VC\bin\link.exe /ERRORREPORT:PROMPT /OUT:"C:\CodingStuff\C++\CST420\CST420_Assignment03\Debug\CST420_Assignment03.exe" /INCREMENTAL /NOLOGO kernel32.lib user32.lib gdi32.lib winspool.lib comdlg32.lib advapi32.lib shell32.lib ole32.lib oleaut32.lib uuid.lib odbc32.lib odbccp32.lib /MANIFEST /MANIFESTUAC:"level='asInvoker' uiAccess='false'" /manifest:embed /DEBUG /PDB:"C:\CodingStuff\C++\CST420\CST420_Assignment03\Debug\CST420_Assignment03.pdb" /SUBSYSTEM:CONSOLE /TLBID:1 /DYNAMICBASE /NXCOMPAT /IMPLIB:"C:\CodingStuff\C++\CST420\CST420_Assignment03\Debug\CST420_Assignment03.lib" /MACHINE:X86 Debug\main.obj
         Debug\raceAnalyzer.obj
         Debug\raceAnalyzer.obj
     1>Debug\raceAnalyzer.obj : warning LNK4042: object specified more than once; extras ignored
     1>main.obj : error LNK2019: unresolved external symbol "void __cdecl displaySummary(class RaceAnalyzer const &)" (?displaySummary@@YAXABVRaceAnalyzer@@@Z) referenced in function _main
     1>main.obj : error LNK2019: unresolved external symbol "void __cdecl displayRiderData(class RaceAnalyzer const &)" (?displayRiderData@@YAXABVRaceAnalyzer@@@Z) referenced in function _main
     1>main.obj : error LNK2019: unresolved external symbol "void __cdecl displayTeamData(class RaceAnalyzer const &)" (?displayTeamData@@YAXABVRaceAnalyzer@@@Z) referenced in function _main
     1>C:\CodingStuff\C++\CST420\CST420_Assignment03\Debug\CST420_Assignment03.exe : fatal error LNK1120: 3 unresolved externals
     1>Done Building Project "C:\CodingStuff\C++\CST420\CST420_Assignment03\CST420_Assignment03\CST420_Assignment03.vcxproj" (Build target(s)) -- FAILED.

Build FAILED.

Time Elapsed 00:00:00.58
