Build started 7/30/2014 3:32:21 PM.
     1>Project "C:\CodingStuff\C++\CST420\CST420_Assignment03_try2\CST420_Assignment03_try2\CST420_Assignment03_try2.vcxproj" on node 2 (Build target(s)).
     1>ClCompile:
         C:\Program Files (x86)\Microsoft Visual Studio 12.0\VC\bin\CL.exe /c /ZI /nologo /W3 /WX- /sdl /Od /Oy- /D WIN32 /D _DEBUG /D _CONSOLE /D _LIB /D _UNICODE /D UNICODE /Gm /EHsc /RTC1 /MDd /GS /fp:precise /Zc:wchar_t /Zc:forScope /Fo"Debug\\" /Fd"Debug\vc120.pdb" /Gd /TP /analyze- /errorReport:prompt raceAnalyzer.cpp
         raceAnalyzer.cpp
     1>c:\codingstuff\c++\cst420\cst420_assignment03_try2\cst420_assignment03_try2\raceanalyzer.cpp(40): error C2676: binary '[' : 'const std::set<Rider,std::less<_Kty>,std::allocator<_Kty>>' does not define this operator or a conversion to a type acceptable to the predefined operator
                 with
                 [
                     _Kty=Rider
                 ]
     1>c:\codingstuff\c++\cst420\cst420_assignment03_try2\cst420_assignment03_try2\raceanalyzer.cpp(161): warning C4018: '<' : signed/unsigned mismatch
     1>Done Building Project "C:\CodingStuff\C++\CST420\CST420_Assignment03_try2\CST420_Assignment03_try2\CST420_Assignment03_try2.vcxproj" (Build target(s)) -- FAILED.

Build FAILED.

Time Elapsed 00:00:00.32
